<?xml version="1.0" encoding="UTF-8"?>
<!-- Generated by org.testng.reporters.JUnitReportReporter -->
<testsuite hostname="DESKTOP-KC8P2PH" failures="0" tests="1" name="com.Testcases.LoginPageClassTC1" time="7.109" errors="0" timestamp="2022-09-17T17:06:58 IST" skipped="0">
  <testcase classname="com.Testcases.LoginPageClassTC1" name="login" time="7.109"/>
  <system-out/>
</testsuite> <!-- com.Testcases.LoginPageClassTC1 -->
